2022-12-18 09:11:24.907 +04 [4900] СООБЩЕНИЕ:  система БД была выключена: 2022-12-18 09:10:59 +04
2022-12-18 09:11:24.908 +04 [4920] ВАЖНО:  система баз данных запускается
2022-12-18 09:16:24.909 +04 [4884] СООБЩЕНИЕ:  начата контрольная точка: time
2022-12-18 09:16:28.775 +04 [4884] СООБЩЕНИЕ:  контрольная точка завершена: записано буферов: 34 (0.2%); добавлено файлов WAL 0, удалено: 0, переработано: 0; запись=3.382 сек., синхр.=0.416 сек., всего=3.868 сек.; синхронизировано_файлов=22, самая_долгая_синхр.=0.041 сек., средняя=0.019 сек.; расстояние=98 kB, ожидалось=98 kB
2022-12-18 09:21:24.785 +04 [4884] СООБЩЕНИЕ:  начата контрольная точка: time
2022-12-18 09:21:25.025 +04 [4884] СООБЩЕНИЕ:  контрольная точка завершена: записано буферов: 2 (0.0%); добавлено файлов WAL 0, удалено: 0, переработано: 0; запись=0.111 сек., синхр.=0.054 сек., всего=0.240 сек.; синхронизировано_файлов=2, самая_долгая_синхр.=0.028 сек., средняя=0.027 сек.; расстояние=2 kB, ожидалось=88 kB
2022-12-18 09:46:24.077 +04 [4884] СООБЩЕНИЕ:  начата контрольная точка: time
2022-12-18 09:46:24.298 +04 [4884] СООБЩЕНИЕ:  контрольная точка завершена: записано буферов: 2 (0.0%); добавлено файлов WAL 0, удалено: 0, переработано: 0; запись=0.101 сек., синхр.=0.050 сек., всего=0.222 сек.; синхронизировано_файлов=2, самая_долгая_синхр.=0.028 сек., средняя=0.025 сек.; расстояние=2 kB, ожидалось=80 kB
2022-12-18 11:06:24.447 +04 [4884] СООБЩЕНИЕ:  начата контрольная точка: time
2022-12-18 11:06:24.839 +04 [4884] СООБЩЕНИЕ:  контрольная точка завершена: записано буферов: 2 (0.0%); добавлено файлов WAL 0, удалено: 0, переработано: 0; запись=0.109 сек., синхр.=0.044 сек., всего=0.393 сек.; синхронизировано_файлов=2, самая_долгая_синхр.=0.024 сек., средняя=0.022 сек.; расстояние=2 kB, ожидалось=72 kB
2022-12-18 11:11:24.840 +04 [4884] СООБЩЕНИЕ:  начата контрольная точка: time
2022-12-18 11:11:25.083 +04 [4884] СООБЩЕНИЕ:  контрольная точка завершена: записано буферов: 2 (0.0%); добавлено файлов WAL 0, удалено: 0, переработано: 0; запись=0.112 сек., синхр.=0.042 сек., всего=0.244 сек.; синхронизировано_файлов=2, самая_долгая_синхр.=0.022 сек., средняя=0.021 сек.; расстояние=4 kB, ожидалось=65 kB
2022-12-18 11:16:24.098 +04 [4884] СООБЩЕНИЕ:  начата контрольная точка: time
2022-12-18 11:16:24.328 +04 [4884] СООБЩЕНИЕ:  контрольная точка завершена: записано буферов: 2 (0.0%); добавлено файлов WAL 0, удалено: 0, переработано: 0; запись=0.105 сек., синхр.=0.044 сек., всего=0.230 сек.; синхронизировано_файлов=2, самая_долгая_синхр.=0.023 сек., средняя=0.022 сек.; расстояние=4 kB, ожидалось=59 kB
2022-12-18 11:21:24.331 +04 [4884] СООБЩЕНИЕ:  начата контрольная точка: time
2022-12-18 11:21:24.606 +04 [4884] СООБЩЕНИЕ:  контрольная точка завершена: записано буферов: 2 (0.0%); добавлено файлов WAL 0, удалено: 0, переработано: 0; запись=0.111 сек., синхр.=0.044 сек., всего=0.275 сек.; синхронизировано_файлов=2, самая_долгая_синхр.=0.023 сек., средняя=0.022 сек.; расстояние=4 kB, ожидалось=54 kB
2022-12-18 11:26:24.606 +04 [4884] СООБЩЕНИЕ:  начата контрольная точка: time
2022-12-18 11:26:24.850 +04 [4884] СООБЩЕНИЕ:  контрольная точка завершена: записано буферов: 2 (0.0%); добавлено файлов WAL 0, удалено: 0, переработано: 0; запись=0.108 сек., синхр.=0.045 сек., всего=0.245 сек.; синхронизировано_файлов=2, самая_долгая_синхр.=0.025 сек., средняя=0.023 сек.; расстояние=5 kB, ожидалось=49 kB
2022-12-18 11:31:24.853 +04 [4884] СООБЩЕНИЕ:  начата контрольная точка: time
2022-12-18 11:31:25.109 +04 [4884] СООБЩЕНИЕ:  контрольная точка завершена: записано буферов: 2 (0.0%); добавлено файлов WAL 0, удалено: 0, переработано: 0; запись=0.112 сек., синхр.=0.054 сек., всего=0.257 сек.; синхронизировано_файлов=2, самая_долгая_синхр.=0.028 сек., средняя=0.027 сек.; расстояние=5 kB, ожидалось=44 kB
2022-12-18 11:36:24.123 +04 [4884] СООБЩЕНИЕ:  начата контрольная точка: time
2022-12-18 11:36:24.365 +04 [4884] СООБЩЕНИЕ:  контрольная точка завершена: записано буферов: 2 (0.0%); добавлено файлов WAL 0, удалено: 0, переработано: 0; запись=0.102 сек., синхр.=0.044 сек., всего=0.242 сек.; синхронизировано_файлов=2, самая_долгая_синхр.=0.023 сек., средняя=0.022 сек.; расстояние=6 kB, ожидалось=40 kB
2022-12-18 11:46:24.393 +04 [4884] СООБЩЕНИЕ:  начата контрольная точка: time
2022-12-18 11:46:24.637 +04 [4884] СООБЩЕНИЕ:  контрольная точка завершена: записано буферов: 2 (0.0%); добавлено файлов WAL 0, удалено: 0, переработано: 0; запись=0.102 сек., синхр.=0.044 сек., всего=0.245 сек.; синхронизировано_файлов=2, самая_долгая_синхр.=0.023 сек., средняя=0.022 сек.; расстояние=6 kB, ожидалось=37 kB
2022-12-18 11:51:24.642 +04 [4884] СООБЩЕНИЕ:  начата контрольная точка: time
2022-12-18 11:51:24.890 +04 [4884] СООБЩЕНИЕ:  контрольная точка завершена: записано буферов: 2 (0.0%); добавлено файлов WAL 0, удалено: 0, переработано: 0; запись=0.110 сек., синхр.=0.047 сек., всего=0.248 сек.; синхронизировано_файлов=2, самая_долгая_синхр.=0.027 сек., средняя=0.024 сек.; расстояние=6 kB, ожидалось=34 kB
2022-12-18 12:26:24.939 +04 [4884] СООБЩЕНИЕ:  начата контрольная точка: time
2022-12-18 12:26:25.711 +04 [4884] СООБЩЕНИЕ:  контрольная точка завершена: записано буферов: 6 (0.0%); добавлено файлов WAL 0, удалено: 0, переработано: 0; запись=0.549 сек., синхр.=0.119 сек., всего=0.772 сек.; синхронизировано_файлов=6, самая_долгая_синхр.=0.042 сек., средняя=0.020 сек.; расстояние=6 kB, ожидалось=31 kB
2022-12-18 12:36:24.732 +04 [4884] СООБЩЕНИЕ:  начата контрольная точка: time
2022-12-18 12:36:24.983 +04 [4884] СООБЩЕНИЕ:  контрольная точка завершена: записано буферов: 2 (0.0%); добавлено файлов WAL 0, удалено: 0, переработано: 0; запись=0.107 сек., синхр.=0.049 сек., всего=0.251 сек.; синхронизировано_файлов=2, самая_долгая_синхр.=0.028 сек., средняя=0.025 сек.; расстояние=7 kB, ожидалось=29 kB
2022-12-18 12:40:47.360 +04 [6372] РЎРћРћР‘Р©Р•РќРР•:  РЅРµ СѓРґР°Р»РѕСЃСЊ РїРѕР»СѓС‡РёС‚СЊ РґР°РЅРЅС‹Рµ РѕС‚ РєР»РёРµРЅС‚Р°: An existing connection was forcibly closed by the remote host.
	
2022-12-18 12:40:47.360 +04 [4540] РЎРћРћР‘Р©Р•РќРР•:  РЅРµ СѓРґР°Р»РѕСЃСЊ РїРѕР»СѓС‡РёС‚СЊ РґР°РЅРЅС‹Рµ РѕС‚ РєР»РёРµРЅС‚Р°: An existing connection was forcibly closed by the remote host.
	
2022-12-18 12:41:24.987 +04 [4884] СООБЩЕНИЕ:  начата контрольная точка: time
2022-12-18 12:41:25.236 +04 [4884] СООБЩЕНИЕ:  контрольная точка завершена: записано буферов: 2 (0.0%); добавлено файлов WAL 0, удалено: 0, переработано: 0; запись=0.105 сек., синхр.=0.048 сек., всего=0.250 сек.; синхронизировано_файлов=2, самая_долгая_синхр.=0.027 сек., средняя=0.024 сек.; расстояние=8 kB, ожидалось=27 kB
2022-12-18 12:49:01.697 +04 [10144] РЎРћРћР‘Р©Р•РќРР•:  РЅРµ СѓРґР°Р»РѕСЃСЊ РїРѕР»СѓС‡РёС‚СЊ РґР°РЅРЅС‹Рµ РѕС‚ РєР»РёРµРЅС‚Р°: An existing connection was forcibly closed by the remote host.
	
2022-12-18 12:51:24.256 +04 [4884] СООБЩЕНИЕ:  начата контрольная точка: time
2022-12-18 12:51:24.500 +04 [4884] СООБЩЕНИЕ:  контрольная точка завершена: записано буферов: 2 (0.0%); добавлено файлов WAL 0, удалено: 0, переработано: 0; запись=0.104 сек., синхр.=0.044 сек., всего=0.245 сек.; синхронизировано_файлов=2, самая_долгая_синхр.=0.024 сек., средняя=0.022 сек.; расстояние=1 kB, ожидалось=24 kB
2022-12-18 14:06:24.614 +04 [4884] СООБЩЕНИЕ:  начата контрольная точка: time
2022-12-18 14:06:24.878 +04 [4884] СООБЩЕНИЕ:  контрольная точка завершена: записано буферов: 2 (0.0%); добавлено файлов WAL 0, удалено: 0, переработано: 0; запись=0.114 сек., синхр.=0.047 сек., всего=0.264 сек.; синхронизировано_файлов=2, самая_долгая_синхр.=0.027 сек., средняя=0.024 сек.; расстояние=2 kB, ожидалось=22 kB
2022-12-18 14:10:04.435 +04 [9892] РЎРћРћР‘Р©Р•РќРР•:  РЅРµ СѓРґР°Р»РѕСЃСЊ РїРѕР»СѓС‡РёС‚СЊ РґР°РЅРЅС‹Рµ РѕС‚ РєР»РёРµРЅС‚Р°: An existing connection was forcibly closed by the remote host.
	
2022-12-18 14:11:24.878 +04 [4884] СООБЩЕНИЕ:  начата контрольная точка: time
2022-12-18 14:11:25.270 +04 [4884] СООБЩЕНИЕ:  контрольная точка завершена: записано буферов: 3 (0.0%); добавлено файлов WAL 0, удалено: 0, переработано: 0; запись=0.215 сек., синхр.=0.080 сек., всего=0.393 сек.; синхронизировано_файлов=3, самая_долгая_синхр.=0.039 сек., средняя=0.027 сек.; расстояние=7 kB, ожидалось=20 kB
2022-12-18 14:12:53.323 +04 [4300] РЎРћРћР‘Р©Р•РќРР•:  РЅРµ СѓРґР°Р»РѕСЃСЊ РїРѕР»СѓС‡РёС‚СЊ РґР°РЅРЅС‹Рµ РѕС‚ РєР»РёРµРЅС‚Р°: An existing connection was forcibly closed by the remote host.
	
2022-12-18 14:16:24.284 +04 [4884] СООБЩЕНИЕ:  начата контрольная точка: time
2022-12-18 14:16:24.550 +04 [4884] СООБЩЕНИЕ:  контрольная точка завершена: записано буферов: 2 (0.0%); добавлено файлов WAL 0, удалено: 0, переработано: 0; запись=0.114 сек., синхр.=0.047 сек., всего=0.266 сек.; синхронизировано_файлов=2, самая_долгая_синхр.=0.027 сек., средняя=0.024 сек.; расстояние=4 kB, ожидалось=19 kB
2022-12-18 15:16:24.657 +04 [4884] СООБЩЕНИЕ:  начата контрольная точка: time
2022-12-18 15:16:24.908 +04 [4884] СООБЩЕНИЕ:  контрольная точка завершена: записано буферов: 2 (0.0%); добавлено файлов WAL 0, удалено: 0, переработано: 0; запись=0.116 сек., синхр.=0.048 сек., всего=0.252 сек.; синхронизировано_файлов=2, самая_долгая_синхр.=0.028 сек., средняя=0.024 сек.; расстояние=4 kB, ожидалось=17 kB
2022-12-18 15:26:24.923 +04 [4884] СООБЩЕНИЕ:  начата контрольная точка: time
2022-12-18 15:26:25.183 +04 [4884] СООБЩЕНИЕ:  контрольная точка завершена: записано буферов: 2 (0.0%); добавлено файлов WAL 0, удалено: 0, переработано: 0; запись=0.109 сек., синхр.=0.049 сек., всего=0.260 сек.; синхронизировано_файлов=2, самая_долгая_синхр.=0.028 сек., средняя=0.025 сек.; расстояние=5 kB, ожидалось=16 kB
2022-12-18 15:31:24.192 +04 [4884] СООБЩЕНИЕ:  начата контрольная точка: time
2022-12-18 15:31:24.452 +04 [4884] СООБЩЕНИЕ:  контрольная точка завершена: записано буферов: 2 (0.0%); добавлено файлов WAL 0, удалено: 0, переработано: 0; запись=0.102 сек., синхр.=0.048 сек., всего=0.260 сек.; синхронизировано_файлов=2, самая_долгая_синхр.=0.027 сек., средняя=0.024 сек.; расстояние=5 kB, ожидалось=15 kB
2022-12-18 15:36:24.462 +04 [4884] СООБЩЕНИЕ:  начата контрольная точка: time
2022-12-18 15:36:24.775 +04 [4884] СООБЩЕНИЕ:  контрольная точка завершена: записано буферов: 2 (0.0%); добавлено файлов WAL 0, удалено: 0, переработано: 0; запись=0.114 сек., синхр.=0.063 сек., всего=0.314 сек.; синхронизировано_файлов=2, самая_долгая_синхр.=0.042 сек., средняя=0.032 сек.; расстояние=6 kB, ожидалось=14 kB
2022-12-18 15:51:24.811 +04 [4884] СООБЩЕНИЕ:  начата контрольная точка: time
2022-12-18 15:51:25.056 +04 [4884] СООБЩЕНИЕ:  контрольная точка завершена: записано буферов: 2 (0.0%); добавлено файлов WAL 0, удалено: 0, переработано: 0; запись=0.113 сек., синхр.=0.045 сек., всего=0.245 сек.; синхронизировано_файлов=2, самая_долгая_синхр.=0.025 сек., средняя=0.023 сек.; расстояние=7 kB, ожидалось=13 kB
2022-12-18 16:01:24.064 +04 [4884] СООБЩЕНИЕ:  начата контрольная точка: time
2022-12-18 16:01:24.311 +04 [4884] СООБЩЕНИЕ:  контрольная точка завершена: записано буферов: 2 (0.0%); добавлено файлов WAL 0, удалено: 0, переработано: 0; запись=0.112 сек., синхр.=0.044 сек., всего=0.248 сек.; синхронизировано_файлов=2, самая_долгая_синхр.=0.024 сек., средняя=0.022 сек.; расстояние=7 kB, ожидалось=13 kB
2022-12-18 16:18:18.141 +04 [2416] РћРЁРР‘РљРђ:  РїРѕРІС‚РѕСЂСЏСЋС‰РµРµСЃСЏ Р·РЅР°С‡РµРЅРёРµ РєР»СЋС‡Р° РЅР°СЂСѓС€Р°РµС‚ РѕРіСЂР°РЅРёС‡РµРЅРёРµ СѓРЅРёРєР°Р»СЊРЅРѕСЃС‚Рё "executive_docs_contract_id"
2022-12-18 16:18:18.141 +04 [2416] РџРћР”Р РћР‘РќРћРЎРўР:  РљР»СЋС‡ "("contractId")=(5)" СѓР¶Рµ СЃСѓС‰РµСЃС‚РІСѓРµС‚.
2022-12-18 16:18:18.141 +04 [2416] РћРџР•Р РђРўРћР :  INSERT INTO "executiveDocs" ("id","number","dateIssue","main","percents","penalties","fee","sum","createdAt","updatedAt","typeId","contractId","bailiffId","agentId") VALUES (DEFAULT,$1,$2,$3,$4,$5,$6,$7,$8,$9,$10,$11,$12,$13) RETURNING "id","number","dateIssue","resolutionNumber","resolutionDate","main","percents","penalties","fee","sum","createdAt","updatedAt","typeId","contractId","bailiffId","agentId";
2022-12-18 16:21:24.348 +04 [4884] СООБЩЕНИЕ:  начата контрольная точка: time
2022-12-18 16:21:24.854 +04 [4884] СООБЩЕНИЕ:  контрольная точка завершена: записано буферов: 4 (0.0%); добавлено файлов WAL 0, удалено: 0, переработано: 0; запись=0.323 сек., синхр.=0.081 сек., всего=0.507 сек.; синхронизировано_файлов=4, самая_долгая_синхр.=0.027 сек., средняя=0.021 сек.; расстояние=1 kB, ожидалось=12 kB
2022-12-18 16:46:24.897 +04 [4884] СООБЩЕНИЕ:  начата контрольная точка: time
2022-12-18 16:46:25.288 +04 [4884] СООБЩЕНИЕ:  контрольная точка завершена: записано буферов: 2 (0.0%); добавлено файлов WAL 0, удалено: 0, переработано: 0; запись=0.111 сек., синхр.=0.047 сек., всего=0.391 сек.; синхронизировано_файлов=2, самая_долгая_синхр.=0.027 сек., средняя=0.024 сек.; расстояние=0 kB, ожидалось=10 kB
2022-12-18 16:50:30.094 +04 [7776] РћРЁРР‘РљРђ:  РїРѕРІС‚РѕСЂСЏСЋС‰РµРµСЃСЏ Р·РЅР°С‡РµРЅРёРµ РєР»СЋС‡Р° РЅР°СЂСѓС€Р°РµС‚ РѕРіСЂР°РЅРёС‡РµРЅРёРµ СѓРЅРёРєР°Р»СЊРЅРѕСЃС‚Рё "executive_docs_contract_id"
2022-12-18 16:50:30.094 +04 [7776] РџРћР”Р РћР‘РќРћРЎРўР:  РљР»СЋС‡ "("contractId")=(5)" СѓР¶Рµ СЃСѓС‰РµСЃС‚РІСѓРµС‚.
2022-12-18 16:50:30.094 +04 [7776] РћРџР•Р РђРўРћР :  INSERT INTO "executiveDocs" ("id","number","dateIssue","main","percents","penalties","fee","sum","createdAt","updatedAt","typeId","contractId","bailiffId","agentId") VALUES (DEFAULT,$1,$2,$3,$4,$5,$6,$7,$8,$9,$10,$11,$12,$13) RETURNING "id","number","dateIssue","resolutionNumber","resolutionDate","main","percents","penalties","fee","sum","createdAt","updatedAt","typeId","contractId","bailiffId","agentId";
2022-12-18 16:51:24.292 +04 [4884] СООБЩЕНИЕ:  начата контрольная точка: time
2022-12-18 16:51:24.855 +04 [4884] СООБЩЕНИЕ:  контрольная точка завершена: записано буферов: 4 (0.0%); добавлено файлов WAL 0, удалено: 0, переработано: 0; запись=0.327 сек., синхр.=0.094 сек., всего=0.563 сек.; синхронизировано_файлов=4, самая_долгая_синхр.=0.028 сек., средняя=0.024 сек.; расстояние=1 kB, ожидалось=10 kB
2022-12-18 16:53:43.452 +04 [4876] РћРЁРР‘РљРђ:  РїРѕРІС‚РѕСЂСЏСЋС‰РµРµСЃСЏ Р·РЅР°С‡РµРЅРёРµ РєР»СЋС‡Р° РЅР°СЂСѓС€Р°РµС‚ РѕРіСЂР°РЅРёС‡РµРЅРёРµ СѓРЅРёРєР°Р»СЊРЅРѕСЃС‚Рё "executive_docs_contract_id"
2022-12-18 16:53:43.452 +04 [4876] РџРћР”Р РћР‘РќРћРЎРўР:  РљР»СЋС‡ "("contractId")=(5)" СѓР¶Рµ СЃСѓС‰РµСЃС‚РІСѓРµС‚.
2022-12-18 16:53:43.452 +04 [4876] РћРџР•Р РђРўРћР :  INSERT INTO "executiveDocs" ("id","number","dateIssue","main","percents","penalties","fee","sum","createdAt","updatedAt","typeId","contractId","bailiffId","agentId") VALUES (DEFAULT,$1,$2,$3,$4,$5,$6,$7,$8,$9,$10,$11,$12,$13) RETURNING "id","number","dateIssue","resolutionNumber","resolutionDate","main","percents","penalties","fee","sum","createdAt","updatedAt","typeId","contractId","bailiffId","agentId";
2022-12-18 16:55:29.434 +04 [5132] РћРЁРР‘РљРђ:  Р·РЅР°С‡РµРЅРёРµ NULL РІ СЃС‚РѕР»Р±С†Рµ "number" РѕС‚РЅРѕС€РµРЅРёСЏ "executiveDocs" РЅР°СЂСѓС€Р°РµС‚ РѕРіСЂР°РЅРёС‡РµРЅРёРµ NOT NULL
2022-12-18 16:55:29.434 +04 [5132] РџРћР”Р РћР‘РќРћРЎРўР:  РћС€РёР±РѕС‡РЅР°СЏ СЃС‚СЂРѕРєР° СЃРѕРґРµСЂР¶РёС‚ (11, null, null, null, null, null, null, null, null, null, 2022-12-18 12:55:29.427+00, null, null, null, null, null).
2022-12-18 16:55:29.434 +04 [5132] РћРџР•Р РђРўРћР :  INSERT INTO "executiveDocs" ("createdAt") VALUES ($1) RETURNING "id","number","dateIssue","resolutionNumber","resolutionDate","main","percents","penalties","fee","sum","createdAt","updatedAt","typeId","contractId","bailiffId","agentId";
2022-12-18 16:56:24.859 +04 [4884] СООБЩЕНИЕ:  начата контрольная точка: time
2022-12-18 16:56:25.383 +04 [4884] СООБЩЕНИЕ:  контрольная точка завершена: записано буферов: 4 (0.0%); добавлено файлов WAL 0, удалено: 0, переработано: 0; запись=0.331 сек., синхр.=0.090 сек., всего=0.525 сек.; синхронизировано_файлов=4, самая_долгая_синхр.=0.027 сек., средняя=0.023 сек.; расстояние=1 kB, ожидалось=9 kB
2022-12-18 17:01:24.396 +04 [4884] СООБЩЕНИЕ:  начата контрольная точка: time
2022-12-18 17:01:24.636 +04 [4884] СООБЩЕНИЕ:  контрольная точка завершена: записано буферов: 2 (0.0%); добавлено файлов WAL 0, удалено: 0, переработано: 0; запись=0.107 сек., синхр.=0.039 сек., всего=0.240 сек.; синхронизировано_файлов=2, самая_долгая_синхр.=0.022 сек., средняя=0.020 сек.; расстояние=1 kB, ожидалось=8 kB
2022-12-18 17:06:24.645 +04 [4884] СООБЩЕНИЕ:  начата контрольная точка: time
2022-12-18 17:06:24.889 +04 [4884] СООБЩЕНИЕ:  контрольная точка завершена: записано буферов: 2 (0.0%); добавлено файлов WAL 0, удалено: 0, переработано: 0; запись=0.115 сек., синхр.=0.039 сек., всего=0.244 сек.; синхронизировано_файлов=2, самая_долгая_синхр.=0.023 сек., средняя=0.020 сек.; расстояние=2 kB, ожидалось=7 kB
2022-12-18 17:11:24.892 +04 [4884] СООБЩЕНИЕ:  начата контрольная точка: time
2022-12-18 17:11:25.141 +04 [4884] СООБЩЕНИЕ:  контрольная точка завершена: записано буферов: 2 (0.0%); добавлено файлов WAL 0, удалено: 0, переработано: 0; запись=0.110 сек., синхр.=0.044 сек., всего=0.250 сек.; синхронизировано_файлов=2, самая_долгая_синхр.=0.028 сек., средняя=0.022 сек.; расстояние=2 kB, ожидалось=7 kB
2022-12-18 17:12:51.034 +04 [2076] РЎРћРћР‘Р©Р•РќРР•:  РЅРµ СѓРґР°Р»РѕСЃСЊ РїРѕР»СѓС‡РёС‚СЊ РґР°РЅРЅС‹Рµ РѕС‚ РєР»РёРµРЅС‚Р°: An existing connection was forcibly closed by the remote host.
	
2022-12-18 17:12:51.036 +04 [10168] РЎРћРћР‘Р©Р•РќРР•:  РЅРµ СѓРґР°Р»РѕСЃСЊ РїРѕР»СѓС‡РёС‚СЊ РґР°РЅРЅС‹Рµ РѕС‚ РєР»РёРµРЅС‚Р°: An existing connection was forcibly closed by the remote host.
	
2022-12-18 17:12:51.036 +04 [9684] РЎРћРћР‘Р©Р•РќРР•:  РЅРµ СѓРґР°Р»РѕСЃСЊ РїРѕР»СѓС‡РёС‚СЊ РґР°РЅРЅС‹Рµ РѕС‚ РєР»РёРµРЅС‚Р°: An existing connection was forcibly closed by the remote host.
	
2022-12-18 17:12:51.095 +04 [424] СООБЩЕНИЕ:  не удалось получить данные от клиента: An existing connection was forcibly closed by the remote host.
	
2022-12-18 20:34:42.797 +04 [4884] СООБЩЕНИЕ:  начата контрольная точка: time
2022-12-18 20:34:43.071 +04 [4884] СООБЩЕНИЕ:  контрольная точка завершена: записано буферов: 2 (0.0%); добавлено файлов WAL 0, удалено: 0, переработано: 0; запись=0.138 сек., синхр.=0.038 сек., всего=0.275 сек.; синхронизировано_файлов=2, самая_долгая_синхр.=0.021 сек., средняя=0.019 сек.; расстояние=2 kB, ожидалось=6 kB
2022-12-19 12:16:44.257 +04 [4884] СООБЩЕНИЕ:  начата контрольная точка: time
2022-12-19 12:16:44.610 +04 [4884] СООБЩЕНИЕ:  контрольная точка завершена: записано буферов: 3 (0.0%); добавлено файлов WAL 0, удалено: 0, переработано: 0; запись=0.224 сек., синхр.=0.056 сек., всего=0.353 сек.; синхронизировано_файлов=3, самая_долгая_синхр.=0.028 сек., средняя=0.019 сек.; расстояние=3 kB, ожидалось=6 kB
2022-12-19 12:31:44.632 +04 [4884] СООБЩЕНИЕ:  начата контрольная точка: time
2022-12-19 12:31:44.871 +04 [4884] СООБЩЕНИЕ:  контрольная точка завершена: записано буферов: 2 (0.0%); добавлено файлов WAL 0, удалено: 0, переработано: 0; запись=0.100 сек., синхр.=0.066 сек., всего=0.240 сек.; синхронизировано_файлов=2, самая_долгая_синхр.=0.043 сек., средняя=0.033 сек.; расстояние=3 kB, ожидалось=6 kB
2022-12-19 12:38:54.306 +04 [9056] РћРЁРР‘РљРђ:  РѕС‚РЅРѕС€РµРЅРёРµ "executivedocs" РЅРµ СЃСѓС‰РµСЃС‚РІСѓРµС‚ (СЃРёРјРІРѕР» 13)
2022-12-19 12:38:54.306 +04 [9056] РћРџР•Р РђРўРћР :  DELETE FROM executiveDocs;
2022-12-19 12:40:32.126 +04 [5804] РЎРћРћР‘Р©Р•РќРР•:  РЅРµ СѓРґР°Р»РѕСЃСЊ РїРѕР»СѓС‡РёС‚СЊ РґР°РЅРЅС‹Рµ РѕС‚ РєР»РёРµРЅС‚Р°: An existing connection was forcibly closed by the remote host.
	
2022-12-19 12:40:32.126 +04 [5688] РЎРћРћР‘Р©Р•РќРР•:  РЅРµ СѓРґР°Р»РѕСЃСЊ РїРѕР»СѓС‡РёС‚СЊ РґР°РЅРЅС‹Рµ РѕС‚ РєР»РёРµРЅС‚Р°: An existing connection was forcibly closed by the remote host.
	
2022-12-19 12:41:44.898 +04 [4884] СООБЩЕНИЕ:  начата контрольная точка: time
2022-12-19 12:42:09.785 +04 [4884] СООБЩЕНИЕ:  контрольная точка завершена: записано буферов: 222 (1.4%); добавлено файлов WAL 0, удалено: 0, переработано: 0; запись=23.694 сек., синхр.=1.120 сек., всего=24.887 сек.; синхронизировано_файлов=60, самая_долгая_синхр.=0.083 сек., средняя=0.019 сек.; расстояние=1783 kB, ожидалось=1783 kB
2022-12-19 12:46:44.791 +04 [4884] СООБЩЕНИЕ:  начата контрольная точка: time
2022-12-19 12:46:45.013 +04 [4884] СООБЩЕНИЕ:  контрольная точка завершена: записано буферов: 2 (0.0%); добавлено файлов WAL 0, удалено: 0, переработано: 0; запись=0.101 сек., синхр.=0.048 сек., всего=0.222 сек.; синхронизировано_файлов=2, самая_долгая_синхр.=0.028 сек., средняя=0.024 сек.; расстояние=1 kB, ожидалось=1605 kB
2022-12-19 12:56:44.029 +04 [4884] СООБЩЕНИЕ:  начата контрольная точка: time
2022-12-19 12:56:45.352 +04 [4884] СООБЩЕНИЕ:  контрольная точка завершена: записано буферов: 11 (0.1%); добавлено файлов WAL 0, удалено: 0, переработано: 0; запись=1.074 сек., синхр.=0.179 сек., всего=1.324 сек.; синхронизировано_файлов=11, самая_долгая_синхр.=0.029 сек., средняя=0.017 сек.; расстояние=2 kB, ожидалось=1445 kB
2022-12-19 13:16:44.379 +04 [4884] СООБЩЕНИЕ:  начата контрольная точка: time
2022-12-19 13:16:45.730 +04 [4884] СООБЩЕНИЕ:  контрольная точка завершена: записано буферов: 11 (0.1%); добавлено файлов WAL 0, удалено: 0, переработано: 0; запись=1.064 сек., синхр.=0.215 сек., всего=1.351 сек.; синхронизировано_файлов=11, самая_долгая_синхр.=0.028 сек., средняя=0.020 сек.; расстояние=3 kB, ожидалось=1301 kB
2022-12-19 13:17:36.123 +04 [1880] РЎРћРћР‘Р©Р•РќРР•:  РЅРµ СѓРґР°Р»РѕСЃСЊ РїРѕР»СѓС‡РёС‚СЊ РґР°РЅРЅС‹Рµ РѕС‚ РєР»РёРµРЅС‚Р°: An existing connection was forcibly closed by the remote host.
	
2022-12-19 13:21:44.731 +04 [4884] СООБЩЕНИЕ:  начата контрольная точка: time
2022-12-19 13:21:46.224 +04 [4884] СООБЩЕНИЕ:  контрольная точка завершена: записано буферов: 12 (0.1%); добавлено файлов WAL 0, удалено: 0, переработано: 0; запись=1.186 сек., синхр.=0.233 сек., всего=1.494 сек.; синхронизировано_файлов=12, самая_долгая_синхр.=0.028 сек., средняя=0.020 сек.; расстояние=4 kB, ожидалось=1171 kB
2022-12-19 13:26:44.226 +04 [4884] СООБЩЕНИЕ:  начата контрольная точка: time
2022-12-19 13:26:44.686 +04 [4884] СООБЩЕНИЕ:  контрольная точка завершена: записано буферов: 4 (0.0%); добавлено файлов WAL 0, удалено: 0, переработано: 0; запись=0.322 сек., синхр.=0.072 сек., всего=0.461 сек.; синхронизировано_файлов=4, самая_долгая_синхр.=0.027 сек., средняя=0.018 сек.; расстояние=2 kB, ожидалось=1054 kB
2022-12-19 13:31:44.701 +04 [4884] СООБЩЕНИЕ:  начата контрольная точка: time
2022-12-19 13:31:44.922 +04 [4884] СООБЩЕНИЕ:  контрольная точка завершена: записано буферов: 2 (0.0%); добавлено файлов WAL 0, удалено: 0, переработано: 0; запись=0.103 сек., синхр.=0.049 сек., всего=0.222 сек.; синхронизировано_файлов=2, самая_долгая_синхр.=0.027 сек., средняя=0.025 сек.; расстояние=2 kB, ожидалось=949 kB
2022-12-19 13:46:44.959 +04 [4884] СООБЩЕНИЕ:  начата контрольная точка: time
2022-12-19 13:46:45.197 +04 [4884] СООБЩЕНИЕ:  контрольная точка завершена: записано буферов: 2 (0.0%); добавлено файлов WAL 0, удалено: 0, переработано: 0; запись=0.109 сек., синхр.=0.052 сек., всего=0.238 сек.; синхронизировано_файлов=2, самая_долгая_синхр.=0.028 сек., средняя=0.026 сек.; расстояние=3 kB, ожидалось=854 kB
2022-12-19 13:51:44.207 +04 [4884] СООБЩЕНИЕ:  начата контрольная точка: time
2022-12-19 13:51:44.441 +04 [4884] СООБЩЕНИЕ:  контрольная точка завершена: записано буферов: 2 (0.0%); добавлено файлов WAL 0, удалено: 0, переработано: 0; запись=0.112 сек., синхр.=0.048 сек., всего=0.235 сек.; синхронизировано_файлов=2, самая_долгая_синхр.=0.027 сек., средняя=0.024 сек.; расстояние=3 kB, ожидалось=769 kB
2022-12-19 14:06:44.472 +04 [4884] СООБЩЕНИЕ:  начата контрольная точка: time
2022-12-19 14:06:46.142 +04 [4884] СООБЩЕНИЕ:  контрольная точка завершена: записано буферов: 13 (0.1%); добавлено файлов WAL 0, удалено: 0, переработано: 0; запись=1.305 сек., синхр.=0.287 сек., всего=1.670 сек.; синхронизировано_файлов=13, самая_долгая_синхр.=0.037 сек., средняя=0.023 сек.; расстояние=6 kB, ожидалось=693 kB
2022-12-19 14:16:44.163 +04 [4884] СООБЩЕНИЕ:  начата контрольная точка: time
2022-12-19 14:16:44.872 +04 [4884] СООБЩЕНИЕ:  контрольная точка завершена: записано буферов: 3 (0.0%); добавлено файлов WAL 0, удалено: 0, переработано: 0; запись=0.212 сек., синхр.=0.144 сек., всего=0.709 сек.; синхронизировано_файлов=3, самая_долгая_синхр.=0.052 сек., средняя=0.048 сек.; расстояние=3 kB, ожидалось=624 kB
2022-12-19 15:21:44.974 +04 [4884] СООБЩЕНИЕ:  начата контрольная точка: time
2022-12-19 15:21:45.275 +04 [4884] СООБЩЕНИЕ:  контрольная точка завершена: записано буферов: 2 (0.0%); добавлено файлов WAL 0, удалено: 0, переработано: 0; запись=0.115 сек., синхр.=0.055 сек., всего=0.301 сек.; синхронизировано_файлов=2, самая_долгая_синхр.=0.028 сек., средняя=0.028 сек.; расстояние=3 kB, ожидалось=562 kB
2022-12-19 15:31:44.285 +04 [4884] СООБЩЕНИЕ:  начата контрольная точка: time
2022-12-19 15:31:45.781 +04 [4884] СООБЩЕНИЕ:  контрольная точка завершена: записано буферов: 13 (0.1%); добавлено файлов WAL 0, удалено: 0, переработано: 0; запись=1.278 сек., синхр.=0.148 сек., всего=1.497 сек.; синхронизировано_файлов=13, самая_долгая_синхр.=0.055 сек., средняя=0.012 сек.; расстояние=6 kB, ожидалось=506 kB
2022-12-19 15:36:44.784 +04 [4884] СООБЩЕНИЕ:  начата контрольная точка: time
2022-12-19 15:36:46.051 +04 [4884] СООБЩЕНИЕ:  контрольная точка завершена: записано буферов: 10 (0.1%); добавлено файлов WAL 0, удалено: 0, переработано: 0; запись=0.961 сек., синхр.=0.225 сек., всего=1.267 сек.; синхронизировано_файлов=10, самая_долгая_синхр.=0.033 сек., средняя=0.023 сек.; расстояние=8 kB, ожидалось=456 kB
2022-12-19 15:46:44.067 +04 [4884] СООБЩЕНИЕ:  начата контрольная точка: time
2022-12-19 15:46:44.414 +04 [4884] СООБЩЕНИЕ:  контрольная точка завершена: записано буферов: 3 (0.0%); добавлено файлов WAL 0, удалено: 0, переработано: 0; запись=0.210 сек., синхр.=0.067 сек., всего=0.348 сек.; синхронизировано_файлов=3, самая_долгая_синхр.=0.028 сек., средняя=0.023 сек.; расстояние=7 kB, ожидалось=412 kB
2022-12-19 15:51:44.425 +04 [4884] СООБЩЕНИЕ:  начата контрольная точка: time
2022-12-19 15:51:45.700 +04 [4884] СООБЩЕНИЕ:  контрольная точка завершена: записано буферов: 10 (0.1%); добавлено файлов WAL 0, удалено: 0, переработано: 0; запись=0.975 сек., синхр.=0.225 сек., всего=1.275 сек.; синхронизировано_файлов=10, самая_долгая_синхр.=0.028 сек., средняя=0.023 сек.; расстояние=11 kB, ожидалось=371 kB
