2022-12-19 16:12:05.641 +04 [8600] РЎРћРћР‘Р©Р•РќРР•:  РЅРµ СѓРґР°Р»РѕСЃСЊ РїРѕР»СѓС‡РёС‚СЊ РґР°РЅРЅС‹Рµ РѕС‚ РєР»РёРµРЅС‚Р°: An existing connection was forcibly closed by the remote host.
	
2022-12-19 16:26:44.766 +04 [4884] СООБЩЕНИЕ:  начата контрольная точка: time
2022-12-19 16:26:46.037 +04 [4884] СООБЩЕНИЕ:  контрольная точка завершена: записано буферов: 10 (0.1%); добавлено файлов WAL 0, удалено: 0, переработано: 0; запись=0.971 сек., синхр.=0.222 сек., всего=1.271 сек.; синхронизировано_файлов=10, самая_долгая_синхр.=0.034 сек., средняя=0.023 сек.; расстояние=14 kB, ожидалось=336 kB
2022-12-19 16:31:44.040 +04 [4884] СООБЩЕНИЕ:  начата контрольная точка: time
2022-12-19 16:31:45.123 +04 [4884] СООБЩЕНИЕ:  контрольная точка завершена: записано буферов: 9 (0.1%); добавлено файлов WAL 0, удалено: 0, переработано: 0; запись=0.862 сек., синхр.=0.154 сек., всего=1.084 сек.; синхронизировано_файлов=9, самая_долгая_синхр.=0.026 сек., средняя=0.018 сек.; расстояние=10 kB, ожидалось=303 kB
2022-12-19 16:36:44.128 +04 [4884] СООБЩЕНИЕ:  начата контрольная точка: time
2022-12-19 16:36:44.601 +04 [4884] СООБЩЕНИЕ:  контрольная точка завершена: записано буферов: 4 (0.0%); добавлено файлов WAL 0, удалено: 0, переработано: 0; запись=0.328 сек., синхр.=0.072 сек., всего=0.473 сек.; синхронизировано_файлов=4, самая_долгая_синхр.=0.027 сек., средняя=0.018 сек.; расстояние=5 kB, ожидалось=273 kB
2022-12-19 16:41:44.611 +04 [4884] СООБЩЕНИЕ:  начата контрольная точка: time
2022-12-19 16:41:47.438 +04 [4884] СООБЩЕНИЕ:  контрольная точка завершена: записано буферов: 25 (0.2%); добавлено файлов WAL 0, удалено: 0, переработано: 0; запись=2.486 сек., синхр.=0.265 сек., всего=2.827 сек.; синхронизировано_файлов=23, самая_долгая_синхр.=0.025 сек., средняя=0.012 сек.; расстояние=55 kB, ожидалось=252 kB
2022-12-19 16:46:44.446 +04 [4884] СООБЩЕНИЕ:  начата контрольная точка: time
2022-12-19 16:46:46.074 +04 [4884] СООБЩЕНИЕ:  контрольная точка завершена: записано буферов: 13 (0.1%); добавлено файлов WAL 0, удалено: 0, переработано: 0; запись=1.285 сек., синхр.=0.275 сек., всего=1.628 сек.; синхронизировано_файлов=13, самая_долгая_синхр.=0.028 сек., средняя=0.022 сек.; расстояние=11 kB, ожидалось=227 kB
2022-12-19 16:51:44.077 +04 [4884] СООБЩЕНИЕ:  начата контрольная точка: time
2022-12-19 16:51:44.302 +04 [4884] СООБЩЕНИЕ:  контрольная точка завершена: записано буферов: 2 (0.0%); добавлено файлов WAL 0, удалено: 0, переработано: 0; запись=0.108 сек., синхр.=0.051 сек., всего=0.226 сек.; синхронизировано_файлов=2, самая_долгая_синхр.=0.027 сек., средняя=0.026 сек.; расстояние=6 kB, ожидалось=205 kB
2022-12-19 17:01:44.312 +04 [4884] СООБЩЕНИЕ:  начата контрольная точка: time
2022-12-19 17:01:44.549 +04 [4884] СООБЩЕНИЕ:  контрольная точка завершена: записано буферов: 2 (0.0%); добавлено файлов WAL 0, удалено: 0, переработано: 0; запись=0.111 сек., синхр.=0.049 сек., всего=0.237 сек.; синхронизировано_файлов=2, самая_долгая_синхр.=0.028 сек., средняя=0.025 сек.; расстояние=6 kB, ожидалось=185 kB
2022-12-19 17:06:44.558 +04 [4884] СООБЩЕНИЕ:  начата контрольная точка: time
2022-12-19 17:06:45.360 +04 [4884] СООБЩЕНИЕ:  контрольная точка завершена: записано буферов: 6 (0.0%); добавлено файлов WAL 0, удалено: 0, переработано: 0; запись=0.533 сек., синхр.=0.138 сек., всего=0.803 сек.; синхронизировано_файлов=5, самая_долгая_синхр.=0.051 сек., средняя=0.028 сек.; расстояние=15 kB, ожидалось=168 kB
2022-12-19 17:11:44.365 +04 [4884] СООБЩЕНИЕ:  начата контрольная точка: time
2022-12-19 17:11:44.613 +04 [4884] СООБЩЕНИЕ:  контрольная точка завершена: записано буферов: 2 (0.0%); добавлено файлов WAL 0, удалено: 0, переработано: 0; запись=0.112 сек., синхр.=0.042 сек., всего=0.248 сек.; синхронизировано_файлов=2, самая_долгая_синхр.=0.023 сек., средняя=0.021 сек.; расстояние=1 kB, ожидалось=152 kB
2022-12-19 17:16:44.613 +04 [4884] СООБЩЕНИЕ:  начата контрольная точка: time
2022-12-19 17:16:49.163 +04 [4884] СООБЩЕНИЕ:  контрольная точка завершена: записано буферов: 40 (0.2%); добавлено файлов WAL 0, удалено: 0, переработано: 0; запись=4.089 сек., синхр.=0.369 сек., всего=4.550 сек.; синхронизировано_файлов=38, самая_долгая_синхр.=0.025 сек., средняя=0.010 сек.; расстояние=70 kB, ожидалось=143 kB
2022-12-19 17:38:36.322 +04 [10616] РЎРћРћР‘Р©Р•РќРР•:  РЅРµ СѓРґР°Р»РѕСЃСЊ РїРѕР»СѓС‡РёС‚СЊ РґР°РЅРЅС‹Рµ РѕС‚ РєР»РёРµРЅС‚Р°: An existing connection was forcibly closed by the remote host.
	
2022-12-19 17:39:13.814 +04 [11100] РЎРћРћР‘Р©Р•РќРР•:  РЅРµ СѓРґР°Р»РѕСЃСЊ РїРѕР»СѓС‡РёС‚СЊ РґР°РЅРЅС‹Рµ РѕС‚ РєР»РёРµРЅС‚Р°: An existing connection was forcibly closed by the remote host.
	
2022-12-19 17:40:08.354 +04 [2084] РЎРћРћР‘Р©Р•РќРР•:  РЅРµ СѓРґР°Р»РѕСЃСЊ РїРѕР»СѓС‡РёС‚СЊ РґР°РЅРЅС‹Рµ РѕС‚ РєР»РёРµРЅС‚Р°: An existing connection was forcibly closed by the remote host.
	
2022-12-19 17:40:14.431 +04 [8076] РЎРћРћР‘Р©Р•РќРР•:  РЅРµ СѓРґР°Р»РѕСЃСЊ РїРѕР»СѓС‡РёС‚СЊ РґР°РЅРЅС‹Рµ РѕС‚ РєР»РёРµРЅС‚Р°: An existing connection was forcibly closed by the remote host.
	
2022-12-19 17:41:44.215 +04 [4884] СООБЩЕНИЕ:  начата контрольная точка: time
2022-12-19 17:41:44.697 +04 [4884] СООБЩЕНИЕ:  контрольная точка завершена: записано буферов: 4 (0.0%); добавлено файлов WAL 0, удалено: 0, переработано: 0; запись=0.328 сек., синхр.=0.072 сек., всего=0.482 сек.; синхронизировано_файлов=4, самая_долгая_синхр.=0.027 сек., средняя=0.018 сек.; расстояние=1 kB, ожидалось=129 kB
2022-12-19 17:44:27.816 +04 [7888] РЎРћРћР‘Р©Р•РќРР•:  РЅРµ СѓРґР°Р»РѕСЃСЊ РїРѕР»СѓС‡РёС‚СЊ РґР°РЅРЅС‹Рµ РѕС‚ РєР»РёРµРЅС‚Р°: An existing connection was forcibly closed by the remote host.
	
2022-12-19 17:44:34.846 +04 [5104] РЎРћРћР‘Р©Р•РќРР•:  РЅРµ СѓРґР°Р»РѕСЃСЊ РїРѕР»СѓС‡РёС‚СЊ РґР°РЅРЅС‹Рµ РѕС‚ РєР»РёРµРЅС‚Р°: An existing connection was forcibly closed by the remote host.
	
2022-12-19 17:44:39.047 +04 [8288] РЎРћРћР‘Р©Р•РќРР•:  РЅРµ СѓРґР°Р»РѕСЃСЊ РїРѕР»СѓС‡РёС‚СЊ РґР°РЅРЅС‹Рµ РѕС‚ РєР»РёРµРЅС‚Р°: An existing connection was forcibly closed by the remote host.
	
2022-12-19 17:44:39.047 +04 [5232] РЎРћРћР‘Р©Р•РќРР•:  РЅРµ СѓРґР°Р»РѕСЃСЊ РїРѕР»СѓС‡РёС‚СЊ РґР°РЅРЅС‹Рµ РѕС‚ РєР»РёРµРЅС‚Р°: An existing connection was forcibly closed by the remote host.
	
2022-12-19 17:44:39.047 +04 [8396] РЎРћРћР‘Р©Р•РќРР•:  РЅРµ СѓРґР°Р»РѕСЃСЊ РїРѕР»СѓС‡РёС‚СЊ РґР°РЅРЅС‹Рµ РѕС‚ РєР»РёРµРЅС‚Р°: An existing connection was forcibly closed by the remote host.
	
2022-12-19 17:44:39.047 +04 [8924] РЎРћРћР‘Р©Р•РќРР•:  РЅРµ СѓРґР°Р»РѕСЃСЊ РїРѕР»СѓС‡РёС‚СЊ РґР°РЅРЅС‹Рµ РѕС‚ РєР»РёРµРЅС‚Р°: An existing connection was forcibly closed by the remote host.
	
2022-12-19 17:44:39.048 +04 [5340] РЎРћРћР‘Р©Р•РќРР•:  РЅРµ СѓРґР°Р»РѕСЃСЊ РїРѕР»СѓС‡РёС‚СЊ РґР°РЅРЅС‹Рµ РѕС‚ РєР»РёРµРЅС‚Р°: An existing connection was forcibly closed by the remote host.
	
2022-12-19 17:44:39.048 +04 [9056] РЎРћРћР‘Р©Р•РќРР•:  РЅРµ СѓРґР°Р»РѕСЃСЊ РїРѕР»СѓС‡РёС‚СЊ РґР°РЅРЅС‹Рµ РѕС‚ РєР»РёРµРЅС‚Р°: An existing connection was forcibly closed by the remote host.
	
2022-12-19 17:44:39.048 +04 [9016] РЎРћРћР‘Р©Р•РќРР•:  РЅРµ СѓРґР°Р»РѕСЃСЊ РїРѕР»СѓС‡РёС‚СЊ РґР°РЅРЅС‹Рµ РѕС‚ РєР»РёРµРЅС‚Р°: An existing connection was forcibly closed by the remote host.
	
2022-12-19 17:44:39.748 +04 [5060] ОШИБКА:  выполнение оператора отменено по запросу пользователя
2022-12-19 17:44:39.786 +04 [5524] Р’РђР–РќРћ:  Р·Р°РєСЂС‹С‚РёРµ РїРѕРґРєР»СЋС‡РµРЅРёСЏ РїРѕ РєРѕРјР°РЅРґРµ Р°РґРјРёРЅРёСЃС‚СЂР°С‚РѕСЂР°
2022-12-19 17:44:39.796 +04 [4884] СООБЩЕНИЕ:  выключение
2022-12-19 17:44:39.821 +04 [4884] СООБЩЕНИЕ:  начата контрольная точка: shutdown immediate
2022-12-19 17:44:39.952 +04 [4884] СООБЩЕНИЕ:  контрольная точка завершена: записано буферов: 2 (0.0%); добавлено файлов WAL 0, удалено: 0, переработано: 0; запись=0.001 сек., синхр.=0.049 сек., всего=0.156 сек.; синхронизировано_файлов=2, самая_долгая_синхр.=0.026 сек., средняя=0.025 сек.; расстояние=0 kB, ожидалось=116 kB
